<?xml version="1.0" encoding="UTF-8"?>
<testng-results skipped="0" failed="0" ignored="3" total="4" passed="1">
  <reporter-output>
  </reporter-output>
  <suite name="Default suite" duration-ms="6307" started-at="2021-07-29T16:24:04Z" finished-at="2021-07-29T16:24:10Z">
    <groups>
    </groups>
    <test name="Default test" duration-ms="6307" started-at="2021-07-29T16:24:04Z" finished-at="2021-07-29T16:24:10Z">
      <class name="PostAPIForTemplateCreation">
        <test-method status="PASS" signature="deleteHangupCauseTemplate()[pri:4, instance:PostAPIForTemplateCreation@63753b6d]" name="deleteHangupCauseTemplate" duration-ms="6272" started-at="2021-07-29T16:24:04Z" finished-at="2021-07-29T16:24:10Z">
          <reporter-output>
          </reporter-output>
        </test-method> <!-- deleteHangupCauseTemplate -->
      </class> <!-- PostAPIForTemplateCreation -->
    </test> <!-- Default test -->
  </suite> <!-- Default suite -->
</testng-results>
