<?xml version="1.0" encoding="UTF-8"?>
<!-- Generated by org.testng.reporters.JUnitXMLReporter -->
<testsuite hostname="localhost.localdomain" ignored="3" tests="1" failures="0" timestamp="29 Jul 2021 16:24:10 GMT" time="6.307" errors="0">
  <testcase name="deleteHangupCauseTemplate" time="6.272" classname="PostAPIForTemplateCreation"/>
  <testcase name="updateHangupCauseTemplate" time="0.0" classname="PostAPIForTemplateCreation">
    <ignored/>
  </testcase> <!-- updateHangupCauseTemplate -->
  <testcase name="GetHangupCauseTemplate" time="0.0" classname="PostAPIForTemplateCreation">
    <ignored/>
  </testcase> <!-- GetHangupCauseTemplate -->
  <testcase name="TemplateCreation" time="0.0" classname="PostAPIForTemplateCreation">
    <ignored/>
  </testcase> <!-- TemplateCreation -->
</testsuite>
